<?xml version="1.0" encoding="UTF-8"?>
<testsuite name="com.qyc.TaskApplicationTests" time="0.001" tests="1" errors="1" skipped="0" failures="0">
  <properties>
[...]
</properties>
  <testcase name="initializationError" classname="com.qyc.TaskApplicationTests" time="0.001">
    <error message="Found multiple @SpringBootConfiguration annotated classes [Generic bean: class [com.qyc.TaskApplication]; scope=; abstract=false; lazyInit=false; autowireMode=0; dependencyCheck=0; autowireCandidate=true; primary=false; factoryBeanName=null; factoryMethodName=null; initMethodName=null; destroyMethodName=null; defined in file [D:\myCode\my-web_3\task\target\classes\com\qyc\TaskApplication.class], Generic bean: class [com.qyc.DataMgtApplication]; scope=; abstract=false; lazyInit=false; autowireMode=0; dependencyCheck=0; autowireCandidate=true; primary=false; factoryBeanName=null; factoryMethodName=null; initMethodName=null; destroyMethodName=null; defined in URL [jar:file:/D:/myCode/my-web_3/data-mgt/target/data-mgt-0.0.1-SNAPSHOT.jar!/com/qyc/DataMgtApplication.class]]" type="java.lang.IllegalStateException"><![CDATA[java.lang.IllegalStateException: Found multiple @SpringBootConfiguration annotated classes [Generic bean: class [com.qyc.TaskApplication]; scope=; abstract=false; lazyInit=false; autowireMode=0; dependencyCheck=0; autowireCandidate=true; primary=false; factoryBeanName=null; factoryMethodName=null; initMethodName=null; destroyMethodName=null; defined in file [D:\myCode\my-web_3\task\target\classes\com\qyc\TaskApplication.class], Generic bean: class [com.qyc.DataMgtApplication]; scope=; abstract=false; lazyInit=false; autowireMode=0; dependencyCheck=0; autowireCandidate=true; primary=false; factoryBeanName=null; factoryMethodName=null; initMethodName=null; destroyMethodName=null; defined in URL [jar:file:/D:/myCode/my-web_3/data-mgt/target/data-mgt-0.0.1-SNAPSHOT.jar!/com/qyc/DataMgtApplication.class]]
	at org.springframework.util.Assert.state(Assert.java:392)
	at org.springframework.boot.test.context.SpringBootConfigurationFinder.scanPackage(SpringBootConfigurationFinder.java:69)
	at org.springframework.boot.test.context.SpringBootConfigurationFinder.findFromPackage(SpringBootConfigurationFinder.java:59)
	at org.springframework.boot.test.context.SpringBootConfigurationFinder.findFromClass(SpringBootConfigurationFinder.java:52)
	at org.springframework.boot.test.context.SpringBootTestContextBootstrapper.getOrFindConfigurationClasses(SpringBootTestContextBootstrapper.java:172)
	at org.springframework.boot.test.context.SpringBootTestContextBootstrapper.processMergedContextConfiguration(SpringBootTestContextBootstrapper.java:133)
	at org.springframework.test.context.support.AbstractTestContextBootstrapper.buildMergedContextConfiguration(AbstractTestContextBootstrapper.java:409)
	at org.springframework.test.context.support.AbstractTestContextBootstrapper.buildDefaultMergedContextConfiguration(AbstractTestContextBootstrapper.java:323)
	at org.springframework.test.context.support.AbstractTestContextBootstrapper.buildMergedContextConfiguration(AbstractTestContextBootstrapper.java:277)
	at org.springframework.test.context.support.AbstractTestContextBootstrapper.buildTestContext(AbstractTestContextBootstrapper.java:112)
	at org.springframework.boot.test.context.SpringBootTestContextBootstrapper.buildTestContext(SpringBootTestContextBootstrapper.java:78)
	at org.springframework.test.context.TestContextManager.<init>(TestContextManager.java:120)
	at org.springframework.test.context.TestContextManager.<init>(TestContextManager.java:105)
	at org.springframework.test.context.junit4.SpringJUnit4ClassRunner.createTestContextManager(SpringJUnit4ClassRunner.java:152)
	at org.springframework.test.context.junit4.SpringJUnit4ClassRunner.<init>(SpringJUnit4ClassRunner.java:143)
	at org.springframework.test.context.junit4.SpringRunner.<init>(SpringRunner.java:49)
	at sun.reflect.NativeConstructorAccessorImpl.newInstance0(Native Method)
	at sun.reflect.NativeConstructorAccessorImpl.newInstance(NativeConstructorAccessorImpl.java:62)
	at sun.reflect.DelegatingConstructorAccessorImpl.newInstance(DelegatingConstructorAccessorImpl.java:45)
	at java.lang.reflect.Constructor.newInstance(Constructor.java:408)
	at org.junit.internal.builders.AnnotatedBuilder.buildRunner(AnnotatedBuilder.java:104)
	at org.junit.internal.builders.AnnotatedBuilder.runnerForClass(AnnotatedBuilder.java:86)
	at org.junit.runners.model.RunnerBuilder.safeRunnerForClass(RunnerBuilder.java:59)
	at org.junit.internal.builders.AllDefaultPossibilitiesBuilder.runnerForClass(AllDefaultPossibilitiesBuilder.java:26)
	at org.junit.runners.model.RunnerBuilder.safeRunnerForClass(RunnerBuilder.java:59)
	at org.junit.internal.requests.ClassRequest.getRunner(ClassRequest.java:33)
	at org.apache.maven.surefire.junit4.JUnit4Provider.execute(JUnit4Provider.java:283)
	at org.apache.maven.surefire.junit4.JUnit4Provider.executeWithRerun(JUnit4Provider.java:173)
	at org.apache.maven.surefire.junit4.JUnit4Provider.executeTestSet(JUnit4Provider.java:153)
	at org.apache.maven.surefire.junit4.JUnit4Provider.invoke(JUnit4Provider.java:128)
	at org.apache.maven.surefire.booter.ForkedBooter.invokeProviderInSameClassLoader(ForkedBooter.java:203)
	at org.apache.maven.surefire.booter.ForkedBooter.runSuitesInProcess(ForkedBooter.java:155)
	at org.apache.maven.surefire.booter.ForkedBooter.main(ForkedBooter.java:103)
]]></error>
    <system-out><![CDATA[20:52:22.386 [main] DEBUG org.springframework.test.context.junit4.SpringJUnit4ClassRunner - SpringJUnit4ClassRunner constructor called with [class com.qyc.TaskApplicationTests]
20:52:22.397 [main] DEBUG org.springframework.test.context.BootstrapUtils - Instantiating CacheAwareContextLoaderDelegate from class [org.springframework.test.context.cache.DefaultCacheAwareContextLoaderDelegate]
20:52:22.406 [main] DEBUG org.springframework.test.context.BootstrapUtils - Instantiating BootstrapContext using constructor [public org.springframework.test.context.support.DefaultBootstrapContext(java.lang.Class,org.springframework.test.context.CacheAwareContextLoaderDelegate)]
20:52:22.430 [main] DEBUG org.springframework.test.context.BootstrapUtils - Instantiating TestContextBootstrapper for test class [com.qyc.TaskApplicationTests] from class [org.springframework.boot.test.context.SpringBootTestContextBootstrapper]
20:52:22.447 [main] INFO org.springframework.boot.test.context.SpringBootTestContextBootstrapper - Neither @ContextConfiguration nor @ContextHierarchy found for test class [com.qyc.TaskApplicationTests], using SpringBootContextLoader
20:52:22.451 [main] DEBUG org.springframework.test.context.support.AbstractContextLoader - Did not detect default resource location for test class [com.qyc.TaskApplicationTests]: class path resource [com/qyc/TaskApplicationTests-context.xml] does not exist
20:52:22.452 [main] DEBUG org.springframework.test.context.support.AbstractContextLoader - Did not detect default resource location for test class [com.qyc.TaskApplicationTests]: class path resource [com/qyc/TaskApplicationTestsContext.groovy] does not exist
20:52:22.452 [main] INFO org.springframework.test.context.support.AbstractContextLoader - Could not detect default resource locations for test class [com.qyc.TaskApplicationTests]: no resource found for suffixes {-context.xml, Context.groovy}.
20:52:22.453 [main] INFO org.springframework.test.context.support.AnnotationConfigContextLoaderUtils - Could not detect default configuration classes for test class [com.qyc.TaskApplicationTests]: TaskApplicationTests does not declare any static, non-private, non-final, nested classes annotated with @Configuration.
20:52:22.591 [main] DEBUG org.springframework.test.context.support.ActiveProfilesUtils - Could not find an 'annotation declaring class' for annotation type [org.springframework.test.context.ActiveProfiles] and class [com.qyc.TaskApplicationTests]
20:52:22.648 [main] DEBUG org.springframework.core.env.StandardEnvironment - Adding [systemProperties] PropertySource with lowest search precedence
20:52:22.650 [main] DEBUG org.springframework.core.env.StandardEnvironment - Adding [systemEnvironment] PropertySource with lowest search precedence
20:52:22.650 [main] DEBUG org.springframework.core.env.StandardEnvironment - Initialized StandardEnvironment with PropertySources [systemProperties,systemEnvironment]
20:52:22.680 [main] DEBUG org.springframework.core.io.support.PathMatchingResourcePatternResolver - Resolved classpath location [com/qyc/] to resources [URL [file:/D:/myCode/my-web_3/task/target/test-classes/com/qyc/], URL [file:/D:/myCode/my-web_3/task/target/classes/com/qyc/], URL [jar:file:/D:/myCode/my-web_3/data-mgt/target/data-mgt-0.0.1-SNAPSHOT.jar!/com/qyc/]]
20:52:22.682 [main] DEBUG org.springframework.core.io.support.PathMatchingResourcePatternResolver - Looking for matching resources in directory tree [D:\myCode\my-web_3\task\target\test-classes\com\qyc]
20:52:22.682 [main] DEBUG org.springframework.core.io.support.PathMatchingResourcePatternResolver - Searching directory [D:\myCode\my-web_3\task\target\test-classes\com\qyc] for files matching pattern [D:/myCode/my-web_3/task/target/test-classes/com/qyc/*.class]
20:52:22.686 [main] DEBUG org.springframework.core.io.support.PathMatchingResourcePatternResolver - Looking for matching resources in directory tree [D:\myCode\my-web_3\task\target\classes\com\qyc]
20:52:22.686 [main] DEBUG org.springframework.core.io.support.PathMatchingResourcePatternResolver - Searching directory [D:\myCode\my-web_3\task\target\classes\com\qyc] for files matching pattern [D:/myCode/my-web_3/task/target/classes/com/qyc/*.class]
20:52:22.687 [main] DEBUG org.springframework.core.io.support.PathMatchingResourcePatternResolver - Looking for matching resources in jar file [file:/D:/myCode/my-web_3/data-mgt/target/data-mgt-0.0.1-SNAPSHOT.jar]
20:52:22.691 [main] DEBUG org.springframework.core.io.support.PathMatchingResourcePatternResolver - Resolved location pattern [classpath*:com/qyc/*.class] to resources [file [D:\myCode\my-web_3\task\target\test-classes\com\qyc\TaskApplicationTests.class], file [D:\myCode\my-web_3\task\target\classes\com\qyc\TaskApplication.class], URL [jar:file:/D:/myCode/my-web_3/data-mgt/target/data-mgt-0.0.1-SNAPSHOT.jar!/com/qyc/DataMgtApplication.class]]
20:52:22.818 [main] DEBUG org.springframework.context.annotation.ClassPathScanningCandidateComponentProvider - Identified candidate component class: file [D:\myCode\my-web_3\task\target\classes\com\qyc\TaskApplication.class]
20:52:22.821 [main] DEBUG org.springframework.context.annotation.ClassPathScanningCandidateComponentProvider - Identified candidate component class: URL [jar:file:/D:/myCode/my-web_3/data-mgt/target/data-mgt-0.0.1-SNAPSHOT.jar!/com/qyc/DataMgtApplication.class]
20:52:22.828 [main] DEBUG org.springframework.test.context.junit4.SpringJUnit4ClassRunner - SpringJUnit4ClassRunner constructor called with [class com.qyc.TaskApplicationTests]
20:52:22.828 [main] DEBUG org.springframework.test.context.BootstrapUtils - Instantiating CacheAwareContextLoaderDelegate from class [org.springframework.test.context.cache.DefaultCacheAwareContextLoaderDelegate]
20:52:22.828 [main] DEBUG org.springframework.test.context.BootstrapUtils - Instantiating BootstrapContext using constructor [public org.springframework.test.context.support.DefaultBootstrapContext(java.lang.Class,org.springframework.test.context.CacheAwareContextLoaderDelegate)]
20:52:22.843 [main] DEBUG org.springframework.test.context.BootstrapUtils - Instantiating TestContextBootstrapper for test class [com.qyc.TaskApplicationTests] from class [org.springframework.boot.test.context.SpringBootTestContextBootstrapper]
20:52:22.845 [main] INFO org.springframework.boot.test.context.SpringBootTestContextBootstrapper - Neither @ContextConfiguration nor @ContextHierarchy found for test class [com.qyc.TaskApplicationTests], using SpringBootContextLoader
20:52:22.846 [main] DEBUG org.springframework.test.context.support.AbstractContextLoader - Did not detect default resource location for test class [com.qyc.TaskApplicationTests]: class path resource [com/qyc/TaskApplicationTests-context.xml] does not exist
20:52:22.847 [main] DEBUG org.springframework.test.context.support.AbstractContextLoader - Did not detect default resource location for test class [com.qyc.TaskApplicationTests]: class path resource [com/qyc/TaskApplicationTestsContext.groovy] does not exist
20:52:22.847 [main] INFO org.springframework.test.context.support.AbstractContextLoader - Could not detect default resource locations for test class [com.qyc.TaskApplicationTests]: no resource found for suffixes {-context.xml, Context.groovy}.
20:52:22.847 [main] INFO org.springframework.test.context.support.AnnotationConfigContextLoaderUtils - Could not detect default configuration classes for test class [com.qyc.TaskApplicationTests]: TaskApplicationTests does not declare any static, non-private, non-final, nested classes annotated with @Configuration.
20:52:22.864 [main] DEBUG org.springframework.test.context.support.ActiveProfilesUtils - Could not find an 'annotation declaring class' for annotation type [org.springframework.test.context.ActiveProfiles] and class [com.qyc.TaskApplicationTests]
20:52:22.866 [main] DEBUG org.springframework.core.env.StandardEnvironment - Adding [systemProperties] PropertySource with lowest search precedence
20:52:22.867 [main] DEBUG org.springframework.core.env.StandardEnvironment - Adding [systemEnvironment] PropertySource with lowest search precedence
20:52:22.868 [main] DEBUG org.springframework.core.env.StandardEnvironment - Initialized StandardEnvironment with PropertySources [systemProperties,systemEnvironment]
20:52:22.869 [main] DEBUG org.springframework.core.io.support.PathMatchingResourcePatternResolver - Resolved classpath location [com/qyc/] to resources [URL [file:/D:/myCode/my-web_3/task/target/test-classes/com/qyc/], URL [file:/D:/myCode/my-web_3/task/target/classes/com/qyc/], URL [jar:file:/D:/myCode/my-web_3/data-mgt/target/data-mgt-0.0.1-SNAPSHOT.jar!/com/qyc/]]
20:52:22.870 [main] DEBUG org.springframework.core.io.support.PathMatchingResourcePatternResolver - Looking for matching resources in directory tree [D:\myCode\my-web_3\task\target\test-classes\com\qyc]
20:52:22.870 [main] DEBUG org.springframework.core.io.support.PathMatchingResourcePatternResolver - Searching directory [D:\myCode\my-web_3\task\target\test-classes\com\qyc] for files matching pattern [D:/myCode/my-web_3/task/target/test-classes/com/qyc/*.class]
20:52:22.870 [main] DEBUG org.springframework.core.io.support.PathMatchingResourcePatternResolver - Looking for matching resources in directory tree [D:\myCode\my-web_3\task\target\classes\com\qyc]
20:52:22.871 [main] DEBUG org.springframework.core.io.support.PathMatchingResourcePatternResolver - Searching directory [D:\myCode\my-web_3\task\target\classes\com\qyc] for files matching pattern [D:/myCode/my-web_3/task/target/classes/com/qyc/*.class]
20:52:22.872 [main] DEBUG org.springframework.core.io.support.PathMatchingResourcePatternResolver - Looking for matching resources in jar file [file:/D:/myCode/my-web_3/data-mgt/target/data-mgt-0.0.1-SNAPSHOT.jar]
20:52:22.884 [main] DEBUG org.springframework.core.io.support.PathMatchingResourcePatternResolver - Resolved location pattern [classpath*:com/qyc/*.class] to resources [file [D:\myCode\my-web_3\task\target\test-classes\com\qyc\TaskApplicationTests.class], file [D:\myCode\my-web_3\task\target\classes\com\qyc\TaskApplication.class], URL [jar:file:/D:/myCode/my-web_3/data-mgt/target/data-mgt-0.0.1-SNAPSHOT.jar!/com/qyc/DataMgtApplication.class]]
20:52:22.886 [main] DEBUG org.springframework.context.annotation.ClassPathScanningCandidateComponentProvider - Identified candidate component class: file [D:\myCode\my-web_3\task\target\classes\com\qyc\TaskApplication.class]
20:52:22.887 [main] DEBUG org.springframework.context.annotation.ClassPathScanningCandidateComponentProvider - Identified candidate component class: URL [jar:file:/D:/myCode/my-web_3/data-mgt/target/data-mgt-0.0.1-SNAPSHOT.jar!/com/qyc/DataMgtApplication.class]
]]></system-out>
  </testcase>
</testsuite>